

times in msec
 clock   self+sourced   self:  sourced script
 clock   elapsed:              other lines

000.006  000.006: --- NVIM STARTING ---
000.436  000.429: locale set
000.741  000.305: inits 1
000.756  000.016: window checked
000.760  000.004: parsing arguments
000.850  000.089: expanding arguments
000.890  000.040: inits 2
001.598  000.708: init highlight
001.601  000.003: waiting for UI
003.264  001.662: done waiting for UI
003.338  000.075: initialized screen early for UI
003.507  000.169: sourcing vimrc file(s)
012.315  000.011  000.011: sourcing /home/itscarlosecp/.local/share/nvim/site/pack/packer/start/nvim-treesitter/ftdetect/gdscript.vim
012.341  000.009  000.009: sourcing /home/itscarlosecp/.local/share/nvim/site/pack/packer/start/nvim-treesitter/ftdetect/gomod.vim
012.370  000.018  000.018: sourcing /home/itscarlosecp/.local/share/nvim/site/pack/packer/start/nvim-treesitter/ftdetect/query.vim
012.736  009.178  009.139: sourcing /usr/share/nvim/runtime/filetype.vim
012.944  000.029  000.029: sourcing /usr/share/nvim/runtime/ftplugin.vim
013.145  000.024  000.024: sourcing /usr/share/nvim/runtime/indent.vim
013.717  000.332  000.332: sourcing /usr/share/nvim/runtime/syntax/syncolor.vim
013.970  000.626  000.294: sourcing /usr/share/nvim/runtime/syntax/synload.vim
014.034  000.728  000.102: sourcing /usr/share/nvim/runtime/syntax/syntax.vim
015.045  000.225  000.225: sourcing /usr/share/nvim/runtime/plugin/gzip.vim
015.066  000.008  000.008: sourcing /usr/share/nvim/runtime/plugin/health.vim
015.137  000.060  000.060: sourcing /usr/share/nvim/runtime/plugin/man.vim
015.549  000.157  000.157: sourcing /usr/share/nvim/runtime/pack/dist/opt/matchit/plugin/matchit.vim
015.616  000.466  000.309: sourcing /usr/share/nvim/runtime/plugin/matchit.vim
015.754  000.127  000.127: sourcing /usr/share/nvim/runtime/plugin/matchparen.vim
016.115  000.348  000.348: sourcing /usr/share/nvim/runtime/plugin/netrwPlugin.vim
016.255  000.008  000.008: sourcing /home/itscarlosecp/.local/share/nvim/rplugin.vim
016.260  000.119  000.112: sourcing /usr/share/nvim/runtime/plugin/rplugin.vim
016.364  000.091  000.091: sourcing /usr/share/nvim/runtime/plugin/shada.vim
016.404  000.020  000.020: sourcing /usr/share/nvim/runtime/plugin/spellfile.vim
016.545  000.124  000.124: sourcing /usr/share/nvim/runtime/plugin/tarPlugin.vim
016.635  000.072  000.072: sourcing /usr/share/nvim/runtime/plugin/tohtml.vim
016.668  000.016  000.016: sourcing /usr/share/nvim/runtime/plugin/tutor.vim
016.837  000.155  000.155: sourcing /usr/share/nvim/runtime/plugin/zipPlugin.vim
016.990  001.693: loading plugins
019.317  002.164  002.164: sourcing /home/itscarlosecp/.local/share/nvim/site/pack/packer/start/emmet-vim/plugin/emmet.vim
019.476  000.032  000.032: sourcing /home/itscarlosecp/.local/share/nvim/site/pack/packer/start/formatter.nvim/plugin/formatter.vim
024.208  004.609  004.609: sourcing /home/itscarlosecp/.local/share/nvim/site/pack/packer/start/galaxyline.nvim/plugin/galaxyline.vim
024.810  000.436  000.436: sourcing /home/itscarlosecp/.local/share/nvim/site/pack/packer/start/lspsaga.nvim/plugin/lspsaga.vim
024.995  000.046  000.046: sourcing /home/itscarlosecp/.local/share/nvim/site/pack/packer/start/lush.nvim/plugin/lush.vim
031.859  006.736  006.736: sourcing /home/itscarlosecp/.local/share/nvim/site/pack/packer/start/nvim-lspconfig/plugin/lspconfig.vim
032.108  000.075  000.075: sourcing /home/itscarlosecp/.local/share/nvim/site/pack/packer/start/nvim-lspinstall/plugin/lspinstall.vim
032.369  000.105  000.105: sourcing /home/itscarlosecp/.local/share/nvim/site/pack/packer/start/nvim-tree.lua/plugin/tree.vim
036.973  004.505  004.505: sourcing /home/itscarlosecp/.local/share/nvim/site/pack/packer/start/nvim-treesitter/plugin/nvim-treesitter.vim
037.159  000.017  000.017: sourcing /home/itscarlosecp/.local/share/nvim/site/pack/packer/start/nvim-treesitter/ftdetect/gdscript.vim
037.198  000.013  000.013: sourcing /home/itscarlosecp/.local/share/nvim/site/pack/packer/start/nvim-treesitter/ftdetect/gomod.vim
037.243  000.022  000.022: sourcing /home/itscarlosecp/.local/share/nvim/site/pack/packer/start/nvim-treesitter/ftdetect/query.vim
037.478  000.064  000.064: sourcing /home/itscarlosecp/.local/share/nvim/site/pack/packer/start/nvim-web-devicons/plugin/nvim-web-devicons.vim
037.745  000.070  000.070: sourcing /home/itscarlosecp/.local/share/nvim/site/pack/packer/start/plenary.nvim/plugin/plenary.vim
038.250  000.322  000.322: sourcing /home/itscarlosecp/.local/share/nvim/site/pack/packer/start/telescope.nvim/plugin/telescope.vim
038.887  000.493  000.493: sourcing /home/itscarlosecp/.local/share/nvim/site/pack/packer/start/vim-surround/plugin/surround.vim
039.063  002.364: loading packages
039.306  000.243: loading after plugins
039.328  000.022: inits 3
040.652  001.325: reading ShaDa
040.879  000.227: opening buffers
052.906  012.027: BufEnter autocommands
052.912  000.006: editing files in windows


times in msec
 clock   self+sourced   self:  sourced script
 clock   elapsed:              other lines

000.009  000.009: --- NVIM STARTING ---
000.665  000.655: locale set
001.117  000.452: inits 1
001.146  000.029: window checked
001.151  000.006: parsing arguments
001.291  000.140: expanding arguments
001.349  000.058: inits 2
002.215  000.866: init highlight
002.219  000.004: waiting for UI
003.913  001.693: done waiting for UI
003.974  000.061: initialized screen early for UI
004.128  000.154: sourcing vimrc file(s)
013.813  009.628  009.628: sourcing /usr/share/nvim/runtime/filetype.vim
014.011  000.032  000.032: sourcing /usr/share/nvim/runtime/ftplugin.vim
014.184  000.027  000.027: sourcing /usr/share/nvim/runtime/indent.vim
014.846  000.435  000.435: sourcing /usr/share/nvim/runtime/syntax/syncolor.vim
015.077  000.714  000.279: sourcing /usr/share/nvim/runtime/syntax/synload.vim
015.153  000.833  000.119: sourcing /usr/share/nvim/runtime/syntax/syntax.vim
015.711  000.251  000.251: sourcing /usr/share/nvim/runtime/plugin/gzip.vim
015.737  000.009  000.009: sourcing /usr/share/nvim/runtime/plugin/health.vim
015.819  000.069  000.069: sourcing /usr/share/nvim/runtime/plugin/man.vim
016.305  000.185  000.185: sourcing /usr/share/nvim/runtime/pack/dist/opt/matchit/plugin/matchit.vim
016.381  000.543  000.358: sourcing /usr/share/nvim/runtime/plugin/matchit.vim
016.537  000.142  000.142: sourcing /usr/share/nvim/runtime/plugin/matchparen.vim
017.058  000.506  000.506: sourcing /usr/share/nvim/runtime/plugin/netrwPlugin.vim
017.360  000.266  000.266: sourcing /usr/share/nvim/runtime/plugin/rplugin.vim
017.593  000.145  000.145: sourcing /usr/share/nvim/runtime/plugin/shada.vim
017.674  000.041  000.041: sourcing /usr/share/nvim/runtime/plugin/spellfile.vim
017.841  000.142  000.142: sourcing /usr/share/nvim/runtime/plugin/tarPlugin.vim
017.948  000.084  000.084: sourcing /usr/share/nvim/runtime/plugin/tohtml.vim
017.984  000.017  000.017: sourcing /usr/share/nvim/runtime/plugin/tutor.vim
018.198  000.196  000.196: sourcing /usr/share/nvim/runtime/plugin/zipPlugin.vim
018.453  001.392: loading plugins
018.545  000.092: loading packages
018.677  000.133: loading after plugins
018.705  000.027: inits 3
018.716  000.011: reading ShaDa
018.932  000.216: opening buffers
018.959  000.027: BufEnter autocommands
018.976  000.017: editing files in windows


times in msec
 clock   self+sourced   self:  sourced script
 clock   elapsed:              other lines

000.008  000.008: --- NVIM STARTING ---
000.756  000.748: locale set
001.097  000.341: inits 1
001.109  000.012: window checked
001.111  000.003: parsing arguments
001.200  000.088: expanding arguments
001.234  000.035: inits 2
001.733  000.498: init highlight
001.735  000.002: waiting for UI
003.067  001.332: done waiting for UI
003.156  000.088: initialized screen early for UI
011.412  008.079  008.079: sourcing /home/itscarlosecp/.config/nvim/init.lua
011.430  000.195: sourcing vimrc file(s)
022.099  010.625  010.625: sourcing /usr/share/nvim/runtime/filetype.vim
022.439  000.045  000.045: sourcing /usr/share/nvim/runtime/ftplugin.vim
022.674  000.033  000.033: sourcing /usr/share/nvim/runtime/indent.vim
023.841  000.627  000.627: sourcing /usr/share/nvim/runtime/syntax/syncolor.vim
024.115  000.984  000.357: sourcing /usr/share/nvim/runtime/syntax/synload.vim
024.205  001.190  000.207: sourcing /usr/share/nvim/runtime/syntax/syntax.vim
025.227  000.530  000.530: sourcing /usr/share/nvim/runtime/plugin/gzip.vim
025.279  000.013  000.013: sourcing /usr/share/nvim/runtime/plugin/health.vim
025.502  000.208  000.208: sourcing /usr/share/nvim/runtime/plugin/man.vim
026.041  000.215  000.215: sourcing /usr/share/nvim/runtime/pack/dist/opt/matchit/plugin/matchit.vim
026.132  000.610  000.395: sourcing /usr/share/nvim/runtime/plugin/matchit.vim
026.316  000.168  000.168: sourcing /usr/share/nvim/runtime/plugin/matchparen.vim
026.844  000.510  000.510: sourcing /usr/share/nvim/runtime/plugin/netrwPlugin.vim
027.016  000.010  000.010: sourcing /home/itscarlosecp/.local/share/nvim/rplugin.vim
027.023  000.144  000.134: sourcing /usr/share/nvim/runtime/plugin/rplugin.vim
027.146  000.108  000.108: sourcing /usr/share/nvim/runtime/plugin/shada.vim
027.192  000.022  000.022: sourcing /usr/share/nvim/runtime/plugin/spellfile.vim
027.528  000.316  000.316: sourcing /usr/share/nvim/runtime/plugin/tarPlugin.vim
027.756  000.154  000.154: sourcing /usr/share/nvim/runtime/plugin/tohtml.vim
027.820  000.037  000.037: sourcing /usr/share/nvim/runtime/plugin/tutor.vim
028.166  000.324  000.324: sourcing /usr/share/nvim/runtime/plugin/zipPlugin.vim
028.524  002.059: loading plugins
028.875  000.132  000.132: sourcing /home/itscarlosecp/.local/share/nvim/site/pack/packer/start/nvim-tree.lua/plugin/tree.vim
029.085  000.429: loading packages
029.328  000.244: loading after plugins
029.340  000.012: inits 3
030.376  001.036: reading ShaDa
030.537  000.161: opening buffers
047.956  017.420: BufEnter autocommands
047.981  000.025: editing files in windows


times in msec
 clock   self+sourced   self:  sourced script
 clock   elapsed:              other lines

000.008  000.008: --- NVIM STARTING ---
000.519  000.511: locale set
000.964  000.444: inits 1
000.987  000.023: window checked
000.991  000.004: parsing arguments
001.116  000.125: expanding arguments
001.166  000.049: inits 2
001.833  000.667: init highlight
001.836  000.003: waiting for UI
003.307  001.472: done waiting for UI
003.398  000.091: initialized screen early for UI
010.811  007.247  007.247: sourcing /home/itscarlosecp/.config/nvim/init.lua
010.825  000.180: sourcing vimrc file(s)
018.119  007.258  007.258: sourcing /usr/share/nvim/runtime/filetype.vim
018.350  000.037  000.037: sourcing /usr/share/nvim/runtime/ftplugin.vim
018.683  000.090  000.090: sourcing /usr/share/nvim/runtime/indent.vim
019.584  000.498  000.498: sourcing /usr/share/nvim/runtime/syntax/syncolor.vim
020.052  001.031  000.533: sourcing /usr/share/nvim/runtime/syntax/synload.vim
020.157  001.186  000.155: sourcing /usr/share/nvim/runtime/syntax/syntax.vim
021.039  000.311  000.311: sourcing /usr/share/nvim/runtime/plugin/gzip.vim
021.071  000.010  000.010: sourcing /usr/share/nvim/runtime/plugin/health.vim
021.169  000.085  000.085: sourcing /usr/share/nvim/runtime/plugin/man.vim
021.640  000.232  000.232: sourcing /usr/share/nvim/runtime/pack/dist/opt/matchit/plugin/matchit.vim
021.838  000.655  000.423: sourcing /usr/share/nvim/runtime/plugin/matchit.vim
022.019  000.164  000.164: sourcing /usr/share/nvim/runtime/plugin/matchparen.vim
022.572  000.538  000.538: sourcing /usr/share/nvim/runtime/plugin/netrwPlugin.vim
022.859  000.015  000.015: sourcing /home/itscarlosecp/.local/share/nvim/rplugin.vim
022.870  000.253  000.238: sourcing /usr/share/nvim/runtime/plugin/rplugin.vim
023.095  000.201  000.201: sourcing /usr/share/nvim/runtime/plugin/shada.vim
023.170  000.035  000.035: sourcing /usr/share/nvim/runtime/plugin/spellfile.vim
023.468  000.266  000.266: sourcing /usr/share/nvim/runtime/plugin/tarPlugin.vim
023.772  000.270  000.270: sourcing /usr/share/nvim/runtime/plugin/tohtml.vim
023.882  000.040  000.040: sourcing /usr/share/nvim/runtime/plugin/tutor.vim
024.320  000.399  000.399: sourcing /usr/share/nvim/runtime/plugin/zipPlugin.vim
025.097  000.651  000.651: sourcing /home/itscarlosecp/.config/nvim/plugin/packer_compiled.lua
025.409  002.133: loading plugins
025.851  000.245  000.245: sourcing /home/itscarlosecp/.local/share/nvim/site/pack/packer/start/nvim-tree.lua/plugin/tree.vim
026.251  000.598: loading packages
026.652  000.400: loading after plugins
026.674  000.022: inits 3
028.706  002.033: reading ShaDa
028.974  000.267: opening buffers
045.307  016.333: BufEnter autocommands
045.313  000.006: editing files in windows


times in msec
 clock   self+sourced   self:  sourced script
 clock   elapsed:              other lines

000.010  000.010: --- NVIM STARTING ---
000.701  000.690: locale set
001.093  000.393: inits 1
001.114  000.021: window checked
001.118  000.004: parsing arguments
001.233  000.116: expanding arguments
001.290  000.057: inits 2
001.904  000.614: init highlight
001.908  000.004: waiting for UI
003.522  001.615: done waiting for UI
003.576  000.053: initialized screen early for UI
011.980  008.279  008.279: sourcing /home/itscarlosecp/.config/nvim/init.lua
011.997  000.141: sourcing vimrc file(s)
021.393  009.357  009.357: sourcing /usr/share/nvim/runtime/filetype.vim
021.622  000.036  000.036: sourcing /usr/share/nvim/runtime/ftplugin.vim
021.862  000.035  000.035: sourcing /usr/share/nvim/runtime/indent.vim
022.643  000.450  000.450: sourcing /usr/share/nvim/runtime/syntax/syncolor.vim
023.093  000.952  000.501: sourcing /usr/share/nvim/runtime/syntax/synload.vim
023.198  001.106  000.154: sourcing /usr/share/nvim/runtime/syntax/syntax.vim
024.050  000.399  000.399: sourcing /usr/share/nvim/runtime/plugin/gzip.vim
024.088  000.015  000.015: sourcing /usr/share/nvim/runtime/plugin/health.vim
024.219  000.115  000.115: sourcing /usr/share/nvim/runtime/plugin/man.vim
024.876  000.269  000.269: sourcing /usr/share/nvim/runtime/pack/dist/opt/matchit/plugin/matchit.vim
024.983  000.750  000.480: sourcing /usr/share/nvim/runtime/plugin/matchit.vim
025.179  000.177  000.177: sourcing /usr/share/nvim/runtime/plugin/matchparen.vim
025.717  000.504  000.504: sourcing /usr/share/nvim/runtime/plugin/netrwPlugin.vim
025.962  000.017  000.017: sourcing /home/itscarlosecp/.local/share/nvim/rplugin.vim
025.971  000.197  000.180: sourcing /usr/share/nvim/runtime/plugin/rplugin.vim
026.192  000.204  000.204: sourcing /usr/share/nvim/runtime/plugin/shada.vim
026.268  000.026  000.026: sourcing /usr/share/nvim/runtime/plugin/spellfile.vim
026.464  000.170  000.170: sourcing /usr/share/nvim/runtime/plugin/tarPlugin.vim
026.803  000.311  000.311: sourcing /usr/share/nvim/runtime/plugin/tohtml.vim
026.862  000.025  000.025: sourcing /usr/share/nvim/runtime/plugin/tutor.vim
027.119  000.232  000.232: sourcing /usr/share/nvim/runtime/plugin/zipPlugin.vim
027.696  000.491  000.491: sourcing /home/itscarlosecp/.config/nvim/plugin/packer_compiled.lua
027.956  001.811: loading plugins
028.175  000.110  000.110: sourcing /home/itscarlosecp/.local/share/nvim/site/pack/packer/start/nvim-tree.lua/plugin/tree.vim
028.362  000.295: loading packages
028.670  000.308: loading after plugins
028.686  000.016: inits 3
030.810  002.124: reading ShaDa
031.055  000.244: opening buffers
048.487  017.433: BufEnter autocommands
048.493  000.006: editing files in windows


times in msec
 clock   self+sourced   self:  sourced script
 clock   elapsed:              other lines

000.009  000.009: --- NVIM STARTING ---
000.687  000.678: locale set
001.210  000.523: inits 1
001.236  000.026: window checked
001.240  000.005: parsing arguments
001.391  000.151: expanding arguments
001.475  000.083: inits 2
002.171  000.696: init highlight
002.175  000.004: waiting for UI
003.782  001.607: done waiting for UI
003.905  000.124: initialized screen early for UI
012.277  008.197  008.197: sourcing /home/itscarlosecp/.config/nvim/init.lua
012.293  000.191: sourcing vimrc file(s)
022.195  009.863  009.863: sourcing /usr/share/nvim/runtime/filetype.vim
022.617  000.064  000.064: sourcing /usr/share/nvim/runtime/ftplugin.vim
022.911  000.049  000.049: sourcing /usr/share/nvim/runtime/indent.vim
023.917  000.611  000.611: sourcing /usr/share/nvim/runtime/syntax/syncolor.vim
024.311  001.080  000.469: sourcing /usr/share/nvim/runtime/syntax/synload.vim
024.427  001.294  000.214: sourcing /usr/share/nvim/runtime/syntax/syntax.vim
025.497  000.380  000.380: sourcing /usr/share/nvim/runtime/plugin/gzip.vim
025.525  000.011  000.011: sourcing /usr/share/nvim/runtime/plugin/health.vim
025.744  000.205  000.205: sourcing /usr/share/nvim/runtime/plugin/man.vim
026.404  000.200  000.200: sourcing /usr/share/nvim/runtime/pack/dist/opt/matchit/plugin/matchit.vim
026.497  000.737  000.537: sourcing /usr/share/nvim/runtime/plugin/matchit.vim
026.794  000.260  000.260: sourcing /usr/share/nvim/runtime/plugin/matchparen.vim
027.452  000.631  000.631: sourcing /usr/share/nvim/runtime/plugin/netrwPlugin.vim
027.649  000.014  000.014: sourcing /home/itscarlosecp/.local/share/nvim/rplugin.vim
027.656  000.164  000.150: sourcing /usr/share/nvim/runtime/plugin/rplugin.vim
027.800  000.126  000.126: sourcing /usr/share/nvim/runtime/plugin/shada.vim
027.852  000.024  000.024: sourcing /usr/share/nvim/runtime/plugin/spellfile.vim
028.037  000.164  000.164: sourcing /usr/share/nvim/runtime/plugin/tarPlugin.vim
028.188  000.121  000.121: sourcing /usr/share/nvim/runtime/plugin/tohtml.vim
028.237  000.021  000.021: sourcing /usr/share/nvim/runtime/plugin/tutor.vim
028.462  000.204  000.204: sourcing /usr/share/nvim/runtime/plugin/zipPlugin.vim
028.889  000.328  000.328: sourcing /home/itscarlosecp/.config/nvim/plugin/packer_compiled.lua
029.238  002.299: loading plugins
029.488  000.137  000.137: sourcing /home/itscarlosecp/.local/share/nvim/site/pack/packer/start/nvim-tree.lua/plugin/tree.vim
029.686  000.312: loading packages
029.867  000.180: loading after plugins
029.880  000.013: inits 3
031.043  001.163: reading ShaDa
031.290  000.246: opening buffers
047.301  016.011: BufEnter autocommands
047.306  000.006: editing files in windows


times in msec
 clock   self+sourced   self:  sourced script
 clock   elapsed:              other lines

000.011  000.011: --- NVIM STARTING ---
000.544  000.533: locale set
000.919  000.375: inits 1
000.935  000.016: window checked
000.940  000.004: parsing arguments
001.055  000.115: expanding arguments
001.110  000.055: inits 2
001.744  000.634: init highlight
001.748  000.003: waiting for UI
003.154  001.407: done waiting for UI
003.207  000.053: initialized screen early for UI
012.145  008.792  008.792: sourcing /home/itscarlosecp/.config/nvim/init.lua
012.165  000.166: sourcing vimrc file(s)
020.628  008.396  008.396: sourcing /usr/share/nvim/runtime/filetype.vim
020.899  000.038  000.038: sourcing /usr/share/nvim/runtime/ftplugin.vim
021.156  000.058  000.058: sourcing /usr/share/nvim/runtime/indent.vim
022.686  000.728  000.728: sourcing /usr/share/nvim/runtime/syntax/syncolor.vim
023.175  001.301  000.573: sourcing /usr/share/nvim/runtime/syntax/synload.vim
023.266  001.498  000.198: sourcing /usr/share/nvim/runtime/syntax/syntax.vim
024.456  000.514  000.514: sourcing /usr/share/nvim/runtime/plugin/gzip.vim
024.504  000.012  000.012: sourcing /usr/share/nvim/runtime/plugin/health.vim
024.676  000.160  000.160: sourcing /usr/share/nvim/runtime/plugin/man.vim
025.195  000.185  000.185: sourcing /usr/share/nvim/runtime/pack/dist/opt/matchit/plugin/matchit.vim
025.271  000.582  000.396: sourcing /usr/share/nvim/runtime/plugin/matchit.vim
025.505  000.217  000.217: sourcing /usr/share/nvim/runtime/plugin/matchparen.vim
025.937  000.411  000.411: sourcing /usr/share/nvim/runtime/plugin/netrwPlugin.vim
026.199  000.010  000.010: sourcing /home/itscarlosecp/.local/share/nvim/rplugin.vim
026.207  000.217  000.206: sourcing /usr/share/nvim/runtime/plugin/rplugin.vim
026.428  000.204  000.204: sourcing /usr/share/nvim/runtime/plugin/shada.vim
026.536  000.033  000.033: sourcing /usr/share/nvim/runtime/plugin/spellfile.vim
026.894  000.332  000.332: sourcing /usr/share/nvim/runtime/plugin/tarPlugin.vim
027.059  000.125  000.125: sourcing /usr/share/nvim/runtime/plugin/tohtml.vim
027.124  000.025  000.025: sourcing /usr/share/nvim/runtime/plugin/tutor.vim
027.427  000.281  000.281: sourcing /usr/share/nvim/runtime/plugin/zipPlugin.vim
027.930  000.332  000.332: sourcing /home/itscarlosecp/.config/nvim/plugin/packer_compiled.lua
028.094  002.495: loading plugins
028.346  000.141  000.141: sourcing /home/itscarlosecp/.local/share/nvim/site/pack/packer/start/nvim-tree.lua/plugin/tree.vim
028.545  000.310: loading packages
028.725  000.179: loading after plugins
028.738  000.013: inits 3
029.979  001.242: reading ShaDa
030.173  000.194: opening buffers
048.561  018.388: BufEnter autocommands
048.570  000.009: editing files in windows


times in msec
 clock   self+sourced   self:  sourced script
 clock   elapsed:              other lines

000.008  000.008: --- NVIM STARTING ---
000.593  000.584: locale set
000.971  000.378: inits 1
000.994  000.022: window checked
000.998  000.004: parsing arguments
001.148  000.150: expanding arguments
001.200  000.052: inits 2
001.823  000.623: init highlight
001.825  000.002: waiting for UI
003.501  001.676: done waiting for UI
003.555  000.055: initialized screen early for UI
012.294  008.597  008.597: sourcing /home/itscarlosecp/.config/nvim/init.lua
012.314  000.161: sourcing vimrc file(s)
024.303  011.940  011.940: sourcing /usr/share/nvim/runtime/filetype.vim
024.909  000.089  000.089: sourcing /usr/share/nvim/runtime/ftplugin.vim
025.584  000.073  000.073: sourcing /usr/share/nvim/runtime/indent.vim
026.392  000.409  000.409: sourcing /usr/share/nvim/runtime/syntax/syncolor.vim
026.627  000.690  000.281: sourcing /usr/share/nvim/runtime/syntax/synload.vim
026.706  000.836  000.147: sourcing /usr/share/nvim/runtime/syntax/syntax.vim
027.578  000.384  000.384: sourcing /usr/share/nvim/runtime/plugin/gzip.vim
027.611  000.013  000.013: sourcing /usr/share/nvim/runtime/plugin/health.vim
027.749  000.124  000.124: sourcing /usr/share/nvim/runtime/plugin/man.vim
028.524  000.356  000.356: sourcing /usr/share/nvim/runtime/pack/dist/opt/matchit/plugin/matchit.vim
028.655  000.893  000.537: sourcing /usr/share/nvim/runtime/plugin/matchit.vim
028.888  000.215  000.215: sourcing /usr/share/nvim/runtime/plugin/matchparen.vim
029.706  000.801  000.801: sourcing /usr/share/nvim/runtime/plugin/netrwPlugin.vim
029.918  000.011  000.011: sourcing /home/itscarlosecp/.local/share/nvim/rplugin.vim
029.925  000.159  000.148: sourcing /usr/share/nvim/runtime/plugin/rplugin.vim
030.094  000.153  000.153: sourcing /usr/share/nvim/runtime/plugin/shada.vim
030.160  000.028  000.028: sourcing /usr/share/nvim/runtime/plugin/spellfile.vim
030.346  000.164  000.164: sourcing /usr/share/nvim/runtime/plugin/tarPlugin.vim
030.471  000.098  000.098: sourcing /usr/share/nvim/runtime/plugin/tohtml.vim
030.513  000.019  000.019: sourcing /usr/share/nvim/runtime/plugin/tutor.vim
030.734  000.200  000.200: sourcing /usr/share/nvim/runtime/plugin/zipPlugin.vim
031.277  000.441  000.441: sourcing /home/itscarlosecp/.config/nvim/plugin/packer_compiled.lua
031.506  002.563: loading plugins
031.744  000.114  000.114: sourcing /home/itscarlosecp/.local/share/nvim/site/pack/packer/start/nvim-tree.lua/plugin/tree.vim
031.936  000.317: loading packages
032.227  000.291: loading after plugins
032.246  000.019: inits 3
033.587  001.340: reading ShaDa
033.809  000.223: opening buffers
053.858  020.049: BufEnter autocommands
053.872  000.014: editing files in windows
